<?xml version="1.0" encoding="UTF-8"?>
<!-- Generated by org.testng.reporters.JUnitXMLReporter -->
<testsuite hostname="INLN50946522A" name="Default test" tests="6" failures="0" timestamp="5 May 2019 13:51:03 GMT" time="24.918" errors="0">
  <testcase name="checkRequiredFieldsExist" time="3.039" classname="selenium.LoginAutomationTest"/>
  <testcase name="checkLoginWithInvalidUsernamePassword" time="5.035" classname="selenium.LoginAutomationTest"/>
  <testcase name="checkLoginWithInvalidUsernameAndNoPassword" time="3.176" classname="selenium.LoginAutomationTest"/>
  <testcase name="checkLoginWithInvalidPasswordAndNoUsername" time="3.798" classname="selenium.LoginAutomationTest"/>
  <testcase name="checkLoginWithValidUsernameAndInvalidPassword" time="5.039" classname="selenium.LoginAutomationTest"/>
  <testcase name="checkLoginWithValidUsernameAndValidPassword" time="4.79" classname="selenium.LoginAutomationTest"/>
</testsuite> <!-- Default test -->
